JUnit version 4.13.2
.E....
Time: 0.519
There was 1 failure:
1) testMergeRightEnd(TestListExamples)
org.junit.runners.model.TestTimedOutException: test timed out after 500 milliseconds
	at ListExamples.merge(ListExamples.java:43)
	at TestListExamples.testMergeRightEnd(TestListExamples.java:27)

FAILURES!!!
Tests run: 5,  Failures: 1

